Using pre-set license
Built from '2020.2/staging' branch; Version is '2020.2.0b5 (e2067236bd5c) revision 14812786'; Using compiler version '192528614'; Build Type 'Release'
OS: 'Windows 10  (10.0.0) 64bit' Language: 'en' Physical Memory: 16316 MB
BatchMode: 1, IsHumanControllingUs: 0, StartBugReporterOnCrash: 0, Is64bit: 1, IsPro: 0

 COMMAND LINE ARGUMENTS:
G:\Unity\2020.2.0b5\Editor\Unity.exe
-adb2
-batchMode
-noUpm
-name
AssetImportWorker0
-projectPath
G:/Unity Projects/planetas/Netflix Planets
-logFile
Logs/AssetImportWorker0.log
-srvPort
50081
Successfully changed project path to: G:/Unity Projects/planetas/Netflix Planets
G:/Unity Projects/planetas/Netflix Planets
Using Asset Import Pipeline V2.
Refreshing native plugins compatible for Editor in 62.22 ms, found 0 plugins.
Preloading 0 native plugins for Editor in 0.00 ms.
Initialize engine version: 2020.2.0b5 (e2067236bd5c)
[Subsystems] Discovering subsystems at path G:/Unity/2020.2.0b5/Editor/Data/Resources/UnitySubsystems
[Subsystems] Discovering subsystems at path G:/Unity Projects/planetas/Netflix Planets/Assets
GfxDevice: creating device client; threaded=0
Direct3D:
    Version:  Direct3D 11.0 [level 11.1]
    Renderer: NVIDIA GeForce GTX 1050 Ti (ID=0x1c82)
    Vendor:   
    VRAM:     4018 MB
    Driver:   27.21.14.5167
Shader 'Universal Render Pipeline/Particles/Lit': fallback shader 'Universal Render Pipeline/Particles/SimpleLit' not found
Initialize mono
Mono path[0] = 'G:/Unity/2020.2.0b5/Editor/Data/Managed'
Mono path[1] = 'G:/Unity/2020.2.0b5/Editor/Data/MonoBleedingEdge/lib/mono/unityjit'
Mono config path = 'G:/Unity/2020.2.0b5/Editor/Data/MonoBleedingEdge/etc'
Using monoOptions --debugger-agent=transport=dt_socket,embedding=1,server=y,suspend=n,address=127.0.0.1:56332
Begin MonoManager ReloadAssembly
Registering precompiled unity dll's ...
Register platform support module: G:/Unity/2020.2.0b5/Editor/Data/PlaybackEngines/WebGLSupport/UnityEditor.WebGL.Extensions.dll
Register platform support module: G:/Unity/2020.2.0b5/Editor/Data/PlaybackEngines/WindowsStandaloneSupport/UnityEditor.WindowsStandalone.Extensions.dll
Registered in 0.002882 seconds.
Native extension for WindowsStandalone target not found
Native extension for WebGL target not found
Refreshing native plugins compatible for Editor in 38.59 ms, found 0 plugins.
Preloading 0 native plugins for Editor in 0.00 ms.
Invoked RoslynAnalysisRunner static constructor.
RoslynAnalysisRunner will not be running.
RoslynAnalysisRunner has terminated.
Mono: successfully reloaded assembly
- Completed reload, in  4.182 seconds
Platform modules already initialized, skipping
Registering precompiled user dll's ...
Registered in 0.001476 seconds.
Begin MonoManager ReloadAssembly
Native extension for WindowsStandalone target not found
Native extension for WebGL target not found
Refreshing native plugins compatible for Editor in 39.78 ms, found 0 plugins.
Preloading 0 native plugins for Editor in 0.00 ms.
Invoked RoslynAnalysisRunner static constructor.
RoslynAnalysisRunner will not be running.
RoslynAnalysisRunner has terminated.
Mono: successfully reloaded assembly
- Completed reload, in  1.118 seconds
Platform modules already initialized, skipping
========================================================================
Worker process is ready to serve import requests
Shader 'Universal Render Pipeline/Particles/Lit': fallback shader 'Universal Render Pipeline/Particles/SimpleLit' not found
Launched and connected shader compiler UnityShaderCompiler.exe after 0.04 seconds
Refreshing native plugins compatible for Editor in 0.49 ms, found 0 plugins.
Preloading 0 native plugins for Editor in 0.00 ms.
Unloading 1399 Unused Serialized files (Serialized files now loaded: 0)
System memory in use before: 155.2 MB.
System memory in use after: 155.3 MB.

Unloading 10 unused Assets to reduce memory usage. Loaded Objects now: 1838.
Total: 2.577200 ms (FindLiveObjects: 0.461400 ms CreateObjectMapping: 0.054700 ms MarkObjects: 1.886300 ms  DeleteObjects: 0.173300 ms)

========================================================================
Received Import Request.
  path: Assets/Sources/SFX/Baby Boss Planet.ogg
  artifactKey: Guid(c015d47b8e766e346999981732e2c101) Importer(815301076,1909f56bfc062723c751e8b465ee728b)
Start importing Assets/Sources/SFX/Baby Boss Planet.ogg using Guid(c015d47b8e766e346999981732e2c101) Importer(815301076,1909f56bfc062723c751e8b465ee728b)  -> (artifact id: 'c503b6ec0e94000da4827ca4cdee23bc') in 0.188185 seconds
  Import took 0.206573 seconds .

========================================================================
Received Import Request.
  Time since last request: 0.581046 seconds.
  path: Assets/Sources/SFX/BGMusic.ogg
  artifactKey: Guid(fd2e7f8358bcee74cb2334bbe52ebed5) Importer(815301076,1909f56bfc062723c751e8b465ee728b)
Start importing Assets/Sources/SFX/BGMusic.ogg using Guid(fd2e7f8358bcee74cb2334bbe52ebed5) Importer(815301076,1909f56bfc062723c751e8b465ee728b)  -> (artifact id: 'd4d748dbcb807a407fd0f3a7b4def56a') in 0.004629 seconds
  Import took 0.008298 seconds .

========================================================================
Received Import Request.
  Time since last request: 0.005593 seconds.
  path: Assets/Sources/SFX/BGMusic.ogg
  artifactKey: Guid(fd2e7f8358bcee74cb2334bbe52ebed5) Importer(815301076,1909f56bfc062723c751e8b465ee728b)
Start importing Assets/Sources/SFX/BGMusic.ogg using Guid(fd2e7f8358bcee74cb2334bbe52ebed5) Importer(815301076,1909f56bfc062723c751e8b465ee728b)  -> (artifact id: 'd4d748dbcb807a407fd0f3a7b4def56a') in 0.003906 seconds
  Import took 0.007788 seconds .

========================================================================
Received Import Request.
  Time since last request: 1.663870 seconds.
  path: Assets/Sources/SFX/Super Monstros Planet.ogg
  artifactKey: Guid(b113586f9a4627e44ad39f71ccfcf42b) Importer(815301076,1909f56bfc062723c751e8b465ee728b)
Start importing Assets/Sources/SFX/Super Monstros Planet.ogg using Guid(b113586f9a4627e44ad39f71ccfcf42b) Importer(815301076,1909f56bfc062723c751e8b465ee728b)  -> (artifact id: 'c3f97c80216808cec8fd32b27457e83f') in 0.034147 seconds
  Import took 0.039667 seconds .

========================================================================
Received Import Request.
  Time since last request: 1.099028 seconds.
  path: Assets/Sources/SFX/Cory Carson Planet.ogg
  artifactKey: Guid(e70903e619392434ba9510960ab94022) Importer(815301076,1909f56bfc062723c751e8b465ee728b)
Start importing Assets/Sources/SFX/Cory Carson Planet.ogg using Guid(e70903e619392434ba9510960ab94022) Importer(815301076,1909f56bfc062723c751e8b465ee728b)  -> (artifact id: '0c850b7ec8a4840b6b3c89152dd55e32') in 0.005096 seconds
  Import took 0.026135 seconds .

========================================================================
Received Import Request.
  Time since last request: 0.001611 seconds.
  path: Assets/Sources/SFX/Cory Carson Planet.ogg
  artifactKey: Guid(e70903e619392434ba9510960ab94022) Importer(815301076,1909f56bfc062723c751e8b465ee728b)
Start importing Assets/Sources/SFX/Cory Carson Planet.ogg using Guid(e70903e619392434ba9510960ab94022) Importer(815301076,1909f56bfc062723c751e8b465ee728b)  -> (artifact id: '0c850b7ec8a4840b6b3c89152dd55e32') in 0.004596 seconds
  Import took 0.008415 seconds .

========================================================================
Received Import Request.
  Time since last request: 0.613048 seconds.
  path: Assets/Sources/SFX/Carmen Planeta.mp3
  artifactKey: Guid(da7a8476d7ae3e4489054630a3c6d169) Importer(815301076,1909f56bfc062723c751e8b465ee728b)
Start importing Assets/Sources/SFX/Carmen Planeta.mp3 using Guid(da7a8476d7ae3e4489054630a3c6d169) Importer(815301076,1909f56bfc062723c751e8b465ee728b)  -> (artifact id: '8ed446eecf3a66c5c8d2b61cd969cfa7') in 0.013763 seconds
  Import took 0.017571 seconds .

========================================================================
Received Import Request.
  Time since last request: 11.699424 seconds.
  path: Assets/Sources/SFX/Carmen Planeta.mp3
  artifactKey: Guid(da7a8476d7ae3e4489054630a3c6d169) Importer(815301076,1909f56bfc062723c751e8b465ee728b)
Start importing Assets/Sources/SFX/Carmen Planeta.mp3 using Guid(da7a8476d7ae3e4489054630a3c6d169) Importer(815301076,1909f56bfc062723c751e8b465ee728b)  -> (artifact id: '814b11c69dad7e4918662a70ec4bd8b4') in 0.011128 seconds
  Import took 0.015325 seconds .

========================================================================
Received Import Request.
  Time since last request: 0.001726 seconds.
  path: Assets/Sources/SFX/Carmen Planeta.mp3
  artifactKey: Guid(da7a8476d7ae3e4489054630a3c6d169) Importer(815301076,1909f56bfc062723c751e8b465ee728b)
Start importing Assets/Sources/SFX/Carmen Planeta.mp3 using Guid(da7a8476d7ae3e4489054630a3c6d169) Importer(815301076,1909f56bfc062723c751e8b465ee728b)  -> (artifact id: '814b11c69dad7e4918662a70ec4bd8b4') in 0.011434 seconds
  Import took 0.015184 seconds .

========================================================================
Received Import Request.
  Time since last request: 15.794756 seconds.
  path: Assets/Sources/SFX/BGMusic.ogg
  artifactKey: Guid(fd2e7f8358bcee74cb2334bbe52ebed5) Importer(815301076,1909f56bfc062723c751e8b465ee728b)
Start importing Assets/Sources/SFX/BGMusic.ogg using Guid(fd2e7f8358bcee74cb2334bbe52ebed5) Importer(815301076,1909f56bfc062723c751e8b465ee728b)  -> (artifact id: '6e1ceca29fbca60f2fb111e5a30baf94') in 0.010413 seconds
  Import took 0.014461 seconds .

========================================================================
Received Import Request.
  Time since last request: 0.001302 seconds.
  path: Assets/Sources/SFX/BGMusic.ogg
  artifactKey: Guid(fd2e7f8358bcee74cb2334bbe52ebed5) Importer(815301076,1909f56bfc062723c751e8b465ee728b)
Start importing Assets/Sources/SFX/BGMusic.ogg using Guid(fd2e7f8358bcee74cb2334bbe52ebed5) Importer(815301076,1909f56bfc062723c751e8b465ee728b)  -> (artifact id: '6e1ceca29fbca60f2fb111e5a30baf94') in 0.010013 seconds
  Import took 0.013907 seconds .

AssetImportWorkerClient::OnTransportError - code=2 error=End of file
